<?xml version="1.0" encoding="UTF-8"?>
<coverage generated="1741622396655" clover="3.2.0">
  <project timestamp="1741622396655" name="All files">
    <metrics statements="343" coveredstatements="131" conditionals="136" coveredconditionals="15" methods="77" coveredmethods="14" elements="556" coveredelements="160" complexity="0" loc="343" ncloc="343" packages="1" files="5" classes="5"/>
    <file name="hashtables.js" path="/Users/sofiasaterli/dev/Project-group-21/lib/hashtables.js">
      <metrics statements="81" coveredstatements="31" conditionals="40" coveredconditionals="6" methods="19" coveredmethods="4"/>
      <line num="2" count="1" type="stmt"/>
      <line num="3" count="1" type="stmt"/>
      <line num="4" count="1" type="stmt"/>
      <line num="5" count="1" type="stmt"/>
      <line num="6" count="1" type="stmt"/>
      <line num="7" count="1" type="stmt"/>
      <line num="8" count="1" type="stmt"/>
      <line num="9" count="1" type="stmt"/>
      <line num="10" count="1" type="stmt"/>
      <line num="11" count="1" type="stmt"/>
      <line num="12" count="1" type="stmt"/>
      <line num="13" count="1" type="stmt"/>
      <line num="14" count="1" type="stmt"/>
      <line num="21" count="1" type="stmt"/>
      <line num="22" count="1" type="stmt"/>
      <line num="33" count="0" type="stmt"/>
      <line num="34" count="0" type="stmt"/>
      <line num="35" count="0" type="stmt"/>
      <line num="37" count="0" type="stmt"/>
      <line num="48" count="0" type="cond" truecount="0" falsecount="2"/>
      <line num="56" count="0" type="stmt"/>
      <line num="67" count="0" type="stmt"/>
      <line num="68" count="0" type="stmt"/>
      <line num="81" count="0" type="stmt"/>
      <line num="82" count="0" type="stmt"/>
      <line num="83" count="0" type="cond" truecount="0" falsecount="2"/>
      <line num="84" count="0" type="stmt"/>
      <line num="85" count="0" type="stmt"/>
      <line num="88" count="0" type="cond" truecount="0" falsecount="2"/>
      <line num="89" count="0" type="stmt"/>
      <line num="101" count="0" type="stmt"/>
      <line num="102" count="0" type="stmt"/>
      <line num="103" count="0" type="cond" truecount="0" falsecount="2"/>
      <line num="104" count="0" type="stmt"/>
      <line num="107" count="0" type="stmt"/>
      <line num="108" count="0" type="stmt"/>
      <line num="119" count="0" type="stmt"/>
      <line num="131" count="1" type="stmt"/>
      <line num="140" count="1" type="stmt"/>
      <line num="141" count="1" type="stmt"/>
      <line num="142" count="1" type="cond" truecount="1" falsecount="1"/>
      <line num="143" count="0" type="stmt"/>
      <line num="144" count="1" type="cond" truecount="1" falsecount="1"/>
      <line num="145" count="1" type="stmt"/>
      <line num="146" count="0" type="cond" truecount="0" falsecount="4"/>
      <line num="147" count="0" type="stmt"/>
      <line num="149" count="0" type="stmt"/>
      <line num="160" count="0" type="stmt"/>
      <line num="161" count="0" type="stmt"/>
      <line num="162" count="0" type="cond" truecount="0" falsecount="2"/>
      <line num="175" count="1" type="stmt"/>
      <line num="176" count="1" type="stmt"/>
      <line num="177" count="1" type="cond" truecount="1" falsecount="1"/>
      <line num="178" count="0" type="stmt"/>
      <line num="181" count="1" type="cond" truecount="1" falsecount="1"/>
      <line num="183" count="0" type="stmt"/>
      <line num="184" count="0" type="cond" truecount="0" falsecount="2"/>
      <line num="185" count="0" type="stmt"/>
      <line num="188" count="1" type="cond" truecount="1" falsecount="1"/>
      <line num="190" count="1" type="cond" truecount="1" falsecount="1"/>
      <line num="191" count="0" type="stmt"/>
      <line num="194" count="1" type="stmt"/>
      <line num="197" count="1" type="stmt"/>
      <line num="198" count="1" type="stmt"/>
      <line num="199" count="1" type="stmt"/>
      <line num="211" count="0" type="stmt"/>
      <line num="212" count="0" type="stmt"/>
      <line num="213" count="0" type="cond" truecount="0" falsecount="4"/>
      <line num="214" count="0" type="stmt"/>
      <line num="217" count="0" type="stmt"/>
      <line num="218" count="0" type="stmt"/>
      <line num="219" count="0" type="stmt"/>
      <line num="220" count="0" type="stmt"/>
      <line num="221" count="0" type="stmt"/>
      <line num="231" count="0" type="cond" truecount="0" falsecount="2"/>
      <line num="232" count="0" type="stmt"/>
      <line num="235" count="0" type="stmt"/>
      <line num="236" count="0" type="cond" truecount="0" falsecount="4"/>
      <line num="237" count="0" type="stmt"/>
      <line num="240" count="0" type="stmt"/>
      <line num="252" count="0" type="stmt"/>
    </file>
    <file name="ingredients.js" path="/Users/sofiasaterli/dev/Project-group-21/lib/ingredients.js">
      <metrics statements="65" coveredstatements="20" conditionals="16" coveredconditionals="2" methods="6" coveredmethods="2"/>
      <line num="2" count="1" type="stmt"/>
      <line num="3" count="1" type="stmt"/>
      <line num="4" count="1" type="stmt"/>
      <line num="5" count="1" type="stmt"/>
      <line num="6" count="1" type="stmt"/>
      <line num="7" count="1" type="stmt"/>
      <line num="8" count="1" type="stmt"/>
      <line num="9" count="1" type="stmt"/>
      <line num="10" count="1" type="stmt"/>
      <line num="11" count="1" type="stmt"/>
      <line num="12" count="1" type="stmt"/>
      <line num="13" count="1" type="stmt"/>
      <line num="21" count="0" type="stmt"/>
      <line num="24" count="0" type="stmt"/>
      <line num="25" count="0" type="stmt"/>
      <line num="26" count="0" type="cond" truecount="0" falsecount="2"/>
      <line num="27" count="0" type="stmt"/>
      <line num="28" count="0" type="stmt"/>
      <line num="29" count="0" type="stmt"/>
      <line num="32" count="0" type="stmt"/>
      <line num="33" count="0" type="stmt"/>
      <line num="35" count="0" type="cond" truecount="0" falsecount="2"/>
      <line num="36" count="0" type="stmt"/>
      <line num="37" count="0" type="stmt"/>
      <line num="38" count="0" type="stmt"/>
      <line num="40" count="0" type="stmt"/>
      <line num="41" count="0" type="stmt"/>
      <line num="42" count="0" type="stmt"/>
      <line num="51" count="0" type="cond" truecount="0" falsecount="2"/>
      <line num="52" count="0" type="stmt"/>
      <line num="54" count="0" type="cond" truecount="0" falsecount="2"/>
      <line num="55" count="0" type="stmt"/>
      <line num="58" count="0" type="stmt"/>
      <line num="59" count="0" type="stmt"/>
      <line num="60" count="0" type="stmt"/>
      <line num="61" count="0" type="stmt"/>
      <line num="63" count="0" type="stmt"/>
      <line num="64" count="0" type="stmt"/>
      <line num="65" count="0" type="stmt"/>
      <line num="74" count="2" type="stmt"/>
      <line num="77" count="2" type="cond" truecount="2" falsecount="0"/>
      <line num="78" count="1" type="stmt"/>
      <line num="83" count="1" type="stmt"/>
      <line num="86" count="1" type="stmt"/>
      <line num="91" count="1" type="stmt"/>
      <line num="100" count="0" type="stmt"/>
      <line num="101" count="0" type="stmt"/>
      <line num="102" count="0" type="stmt"/>
      <line num="103" count="0" type="cond" truecount="0" falsecount="2"/>
      <line num="104" count="0" type="stmt"/>
      <line num="114" count="0" type="stmt"/>
      <line num="115" count="0" type="stmt"/>
      <line num="116" count="0" type="stmt"/>
      <line num="117" count="0" type="stmt"/>
      <line num="120" count="0" type="cond" truecount="0" falsecount="2"/>
      <line num="121" count="0" type="stmt"/>
      <line num="125" count="0" type="stmt"/>
      <line num="128" count="0" type="stmt"/>
      <line num="131" count="0" type="stmt"/>
      <line num="134" count="0" type="stmt"/>
      <line num="136" count="0" type="cond" truecount="0" falsecount="2"/>
      <line num="137" count="0" type="stmt"/>
      <line num="138" count="0" type="stmt"/>
      <line num="147" count="1" type="stmt"/>
      <line num="148" count="3" type="stmt"/>
    </file>
    <file name="list.js" path="/Users/sofiasaterli/dev/Project-group-21/lib/list.js">
      <metrics statements="75" coveredstatements="26" conditionals="44" coveredconditionals="0" methods="38" coveredmethods="3"/>
      <line num="3" count="1" type="stmt"/>
      <line num="4" count="1" type="stmt"/>
      <line num="5" count="1" type="stmt"/>
      <line num="6" count="1" type="stmt"/>
      <line num="7" count="1" type="stmt"/>
      <line num="8" count="1" type="stmt"/>
      <line num="9" count="1" type="stmt"/>
      <line num="10" count="1" type="stmt"/>
      <line num="11" count="1" type="stmt"/>
      <line num="12" count="1" type="stmt"/>
      <line num="13" count="1" type="stmt"/>
      <line num="14" count="1" type="stmt"/>
      <line num="15" count="1" type="stmt"/>
      <line num="16" count="1" type="stmt"/>
      <line num="17" count="1" type="stmt"/>
      <line num="18" count="1" type="stmt"/>
      <line num="19" count="1" type="stmt"/>
      <line num="20" count="1" type="stmt"/>
      <line num="21" count="1" type="stmt"/>
      <line num="22" count="1" type="stmt"/>
      <line num="23" count="1" type="stmt"/>
      <line num="24" count="1" type="stmt"/>
      <line num="25" count="1" type="stmt"/>
      <line num="35" count="10" type="stmt"/>
      <line num="43" count="17" type="stmt"/>
      <line num="51" count="18" type="stmt"/>
      <line num="59" count="0" type="stmt"/>
      <line num="69" count="0" type="stmt"/>
      <line num="70" count="0" type="stmt"/>
      <line num="71" count="0" type="stmt"/>
      <line num="73" count="0" type="stmt"/>
      <line num="74" count="0" type="stmt"/>
      <line num="75" count="0" type="stmt"/>
      <line num="77" count="0" type="stmt"/>
      <line num="86" count="0" type="stmt"/>
      <line num="96" count="0" type="stmt"/>
      <line num="97" count="0" type="cond" truecount="0" falsecount="2"/>
      <line num="101" count="0" type="cond" truecount="0" falsecount="2"/>
      <line num="102" count="0" type="stmt"/>
      <line num="105" count="0" type="stmt"/>
      <line num="117" count="0" type="cond" truecount="0" falsecount="2"/>
      <line num="119" count="0" type="stmt"/>
      <line num="132" count="0" type="cond" truecount="0" falsecount="2"/>
      <line num="136" count="0" type="stmt"/>
      <line num="148" count="0" type="cond" truecount="0" falsecount="2"/>
      <line num="152" count="0" type="stmt"/>
      <line num="163" count="0" type="stmt"/>
      <line num="164" count="0" type="stmt"/>
      <line num="165" count="0" type="stmt"/>
      <line num="177" count="0" type="cond" truecount="0" falsecount="2"/>
      <line num="181" count="0" type="stmt"/>
      <line num="194" count="0" type="cond" truecount="0" falsecount="2"/>
      <line num="196" count="0" type="stmt"/>
      <line num="198" count="0" type="stmt"/>
      <line num="210" count="0" type="cond" truecount="0" falsecount="2"/>
      <line num="227" count="0" type="stmt"/>
      <line num="228" count="0" type="stmt"/>
      <line num="229" count="0" type="cond" truecount="0" falsecount="2"/>
      <line num="235" count="0" type="stmt"/>
      <line num="248" count="0" type="stmt"/>
      <line num="249" count="0" type="stmt"/>
      <line num="250" count="0" type="cond" truecount="0" falsecount="2"/>
      <line num="256" count="0" type="stmt"/>
      <line num="269" count="0" type="cond" truecount="0" falsecount="2"/>
      <line num="275" count="0" type="stmt"/>
      <line num="285" count="0" type="cond" truecount="0" falsecount="4"/>
      <line num="297" count="0" type="stmt"/>
      <line num="298" count="0" type="cond" truecount="0" falsecount="2"/>
      <line num="302" count="0" type="stmt"/>
      <line num="314" count="0" type="cond" truecount="0" falsecount="2"/>
      <line num="335" count="0" type="cond" truecount="0" falsecount="2"/>
      <line num="337" count="0" type="stmt"/>
      <line num="339" count="0" type="stmt"/>
      <line num="355" count="0" type="cond" truecount="0" falsecount="2"/>
      <line num="366" count="0" type="stmt"/>
    </file>
    <file name="recipe.js" path="/Users/sofiasaterli/dev/Project-group-21/lib/recipe.js">
      <metrics statements="53" coveredstatements="21" conditionals="12" coveredconditionals="1" methods="5" coveredmethods="1"/>
      <line num="2" count="1" type="stmt"/>
      <line num="3" count="1" type="stmt"/>
      <line num="4" count="1" type="stmt"/>
      <line num="5" count="1" type="stmt"/>
      <line num="6" count="1" type="stmt"/>
      <line num="7" count="1" type="stmt"/>
      <line num="8" count="1" type="stmt"/>
      <line num="9" count="1" type="stmt"/>
      <line num="10" count="1" type="stmt"/>
      <line num="11" count="1" type="stmt"/>
      <line num="12" count="1" type="stmt"/>
      <line num="27" count="0" type="stmt"/>
      <line num="36" count="0" type="stmt"/>
      <line num="44" count="0" type="stmt"/>
      <line num="45" count="0" type="stmt"/>
      <line num="46" count="0" type="stmt"/>
      <line num="47" count="0" type="stmt"/>
      <line num="48" count="0" type="stmt"/>
      <line num="49" count="0" type="stmt"/>
      <line num="50" count="0" type="stmt"/>
      <line num="51" count="0" type="stmt"/>
      <line num="52" count="0" type="cond" truecount="0" falsecount="2"/>
      <line num="53" count="0" type="stmt"/>
      <line num="56" count="0" type="stmt"/>
      <line num="57" count="0" type="stmt"/>
      <line num="58" count="0" type="stmt"/>
      <line num="59" count="0" type="stmt"/>
      <line num="66" count="1" type="cond" truecount="1" falsecount="1"/>
      <line num="67" count="0" type="stmt"/>
      <line num="70" count="1" type="stmt"/>
      <line num="71" count="1" type="stmt"/>
      <line num="72" count="1" type="stmt"/>
      <line num="73" count="1" type="stmt"/>
      <line num="74" count="1" type="stmt"/>
      <line num="75" count="1" type="stmt"/>
      <line num="77" count="1" type="stmt"/>
      <line num="78" count="1" type="stmt"/>
      <line num="79" count="1" type="stmt"/>
      <line num="99" count="0" type="stmt"/>
      <line num="100" count="0" type="stmt"/>
      <line num="101" count="0" type="stmt"/>
      <line num="102" count="0" type="stmt"/>
      <line num="103" count="0" type="cond" truecount="0" falsecount="2"/>
      <line num="104" count="0" type="stmt"/>
      <line num="107" count="0" type="stmt"/>
      <line num="108" count="0" type="cond" truecount="0" falsecount="2"/>
      <line num="109" count="0" type="stmt"/>
      <line num="111" count="0" type="stmt"/>
      <line num="112" count="0" type="stmt"/>
      <line num="113" count="0" type="cond" truecount="0" falsecount="2"/>
      <line num="114" count="0" type="stmt"/>
      <line num="115" count="0" type="cond" truecount="0" falsecount="2"/>
      <line num="120" count="0" type="stmt"/>
    </file>
    <file name="utilities.js" path="/Users/sofiasaterli/dev/Project-group-21/lib/utilities.js">
      <metrics statements="69" coveredstatements="33" conditionals="24" coveredconditionals="6" methods="9" coveredmethods="4"/>
      <line num="2" count="1" type="stmt"/>
      <line num="3" count="1" type="stmt"/>
      <line num="4" count="1" type="stmt"/>
      <line num="5" count="1" type="stmt"/>
      <line num="6" count="1" type="stmt"/>
      <line num="7" count="1" type="stmt"/>
      <line num="8" count="1" type="stmt"/>
      <line num="9" count="1" type="stmt"/>
      <line num="10" count="1" type="stmt"/>
      <line num="11" count="1" type="stmt"/>
      <line num="12" count="1" type="stmt"/>
      <line num="13" count="1" type="stmt"/>
      <line num="14" count="1" type="stmt"/>
      <line num="15" count="1" type="stmt"/>
      <line num="19" count="1" type="stmt"/>
      <line num="34" count="0" type="stmt"/>
      <line num="35" count="0" type="stmt"/>
      <line num="36" count="0" type="stmt"/>
      <line num="38" count="0" type="stmt"/>
      <line num="39" count="0" type="stmt"/>
      <line num="40" count="0" type="stmt"/>
      <line num="41" count="0" type="stmt"/>
      <line num="53" count="1" type="stmt"/>
      <line num="55" count="1" type="stmt"/>
      <line num="56" count="2" type="cond" truecount="1" falsecount="1"/>
      <line num="57" count="0" type="stmt"/>
      <line num="60" count="1" type="stmt"/>
      <line num="71" count="9" type="stmt"/>
      <line num="72" count="9" type="stmt"/>
      <line num="81" count="2" type="stmt"/>
      <line num="83" count="2" type="cond" truecount="1" falsecount="1"/>
      <line num="86" count="2" type="cond" truecount="2" falsecount="0"/>
      <line num="87" count="1" type="cond" truecount="1" falsecount="1"/>
      <line num="91" count="2" type="stmt"/>
      <line num="92" count="5" type="cond" truecount="1" falsecount="1"/>
      <line num="93" count="5" type="stmt"/>
      <line num="95" count="5" type="stmt"/>
      <line num="96" count="5" type="stmt"/>
      <line num="97" count="5" type="stmt"/>
      <line num="102" count="2" type="stmt"/>
      <line num="105" count="0" type="stmt"/>
      <line num="106" count="0" type="stmt"/>
      <line num="107" count="0" type="stmt"/>
      <line num="108" count="0" type="stmt"/>
      <line num="109" count="0" type="stmt"/>
      <line num="110" count="0" type="cond" truecount="0" falsecount="2"/>
      <line num="111" count="0" type="stmt"/>
      <line num="112" count="0" type="cond" truecount="0" falsecount="2"/>
      <line num="116" count="0" type="cond" truecount="0" falsecount="2"/>
      <line num="117" count="0" type="stmt"/>
      <line num="119" count="0" type="cond" truecount="0" falsecount="2"/>
      <line num="120" count="0" type="stmt"/>
      <line num="121" count="0" type="stmt"/>
      <line num="122" count="0" type="cond" truecount="0" falsecount="2"/>
      <line num="123" count="0" type="stmt"/>
      <line num="127" count="0" type="cond" truecount="0" falsecount="2"/>
      <line num="128" count="0" type="stmt"/>
      <line num="129" count="0" type="stmt"/>
      <line num="132" count="0" type="stmt"/>
      <line num="135" count="0" type="stmt"/>
      <line num="136" count="0" type="stmt"/>
      <line num="138" count="0" type="stmt"/>
      <line num="142" count="3" type="stmt"/>
      <line num="154" count="0" type="stmt"/>
      <line num="155" count="0" type="stmt"/>
      <line num="156" count="0" type="cond" truecount="0" falsecount="2"/>
      <line num="157" count="0" type="stmt"/>
      <line num="158" count="0" type="stmt"/>
      <line num="161" count="0" type="stmt"/>
    </file>
  </project>
</coverage>
