TN:
SF:lib/hashtables.js
FN:21,(anonymous_0)
FN:32,ch_empty
FN:47,scan
FN:55,mod
FN:66,ch_lookup
FN:80,ch_insert
FN:88,(anonymous_6)
FN:100,ch_delete
FN:107,(anonymous_8)
FN:118,ch_keys
FN:119,(anonymous_10)
FN:130,ph_empty
FN:139,probe
FN:159,ph_lookup
FN:174,ph_insert
FN:210,ph_delete
FN:230,filterNulls
FN:251,ph_keys
FN:252,(anonymous_18)
FNF:19
FNH:4
FNDA:1,(anonymous_0)
FNDA:0,ch_empty
FNDA:0,scan
FNDA:0,mod
FNDA:0,ch_lookup
FNDA:0,ch_insert
FNDA:0,(anonymous_6)
FNDA:0,ch_delete
FNDA:0,(anonymous_8)
FNDA:0,ch_keys
FNDA:0,(anonymous_10)
FNDA:1,ph_empty
FNDA:1,probe
FNDA:0,ph_lookup
FNDA:1,ph_insert
FNDA:0,ph_delete
FNDA:0,filterNulls
FNDA:0,ph_keys
FNDA:0,(anonymous_18)
DA:2,1
DA:3,1
DA:4,1
DA:5,1
DA:6,1
DA:7,1
DA:8,1
DA:9,1
DA:10,1
DA:11,1
DA:12,1
DA:13,1
DA:14,1
DA:21,1
DA:22,1
DA:33,0
DA:34,0
DA:35,0
DA:37,0
DA:48,0
DA:56,0
DA:67,0
DA:68,0
DA:81,0
DA:82,0
DA:83,0
DA:84,0
DA:85,0
DA:88,0
DA:89,0
DA:101,0
DA:102,0
DA:103,0
DA:104,0
DA:107,0
DA:108,0
DA:119,0
DA:131,1
DA:140,1
DA:141,1
DA:142,1
DA:143,0
DA:144,1
DA:145,1
DA:146,0
DA:147,0
DA:149,0
DA:160,0
DA:161,0
DA:162,0
DA:175,1
DA:176,1
DA:177,1
DA:178,0
DA:181,1
DA:183,0
DA:184,0
DA:185,0
DA:188,1
DA:190,1
DA:191,0
DA:194,1
DA:197,1
DA:198,1
DA:199,1
DA:211,0
DA:212,0
DA:213,0
DA:214,0
DA:217,0
DA:218,0
DA:219,0
DA:220,0
DA:221,0
DA:231,0
DA:232,0
DA:235,0
DA:236,0
DA:237,0
DA:240,0
DA:252,0
LF:81
LH:31
BRDA:48,0,0,0
BRDA:48,0,1,0
BRDA:50,1,0,0
BRDA:50,1,1,0
BRDA:83,2,0,0
BRDA:83,2,1,0
BRDA:88,3,0,0
BRDA:88,3,1,0
BRDA:103,4,0,0
BRDA:103,4,1,0
BRDA:142,5,0,0
BRDA:142,5,1,1
BRDA:144,6,0,1
BRDA:144,6,1,0
BRDA:146,7,0,0
BRDA:146,7,1,0
BRDA:146,8,0,0
BRDA:146,8,1,0
BRDA:162,9,0,0
BRDA:162,9,1,0
BRDA:177,10,0,0
BRDA:177,10,1,1
BRDA:181,11,0,0
BRDA:181,11,1,1
BRDA:184,12,0,0
BRDA:184,12,1,0
BRDA:188,13,0,1
BRDA:188,13,1,0
BRDA:190,14,0,0
BRDA:190,14,1,1
BRDA:213,15,0,0
BRDA:213,15,1,0
BRDA:213,16,0,0
BRDA:213,16,1,0
BRDA:231,17,0,0
BRDA:231,17,1,0
BRDA:236,18,0,0
BRDA:236,18,1,0
BRDA:236,19,0,0
BRDA:236,19,1,0
BRF:40
BRH:6
end_of_record
TN:
SF:lib/ingredients.js
FN:20,makeIngredient
FN:50,changeServing
FN:73,removeIngredient
FN:99,addIngredient
FN:113,changeIngredients
FN:146,viewIngredients
FNF:6
FNH:2
FNDA:0,makeIngredient
FNDA:0,changeServing
FNDA:2,removeIngredient
FNDA:0,addIngredient
FNDA:0,changeIngredients
FNDA:1,viewIngredients
DA:2,1
DA:3,1
DA:4,1
DA:5,1
DA:6,1
DA:7,1
DA:8,1
DA:9,1
DA:10,1
DA:11,1
DA:12,1
DA:13,1
DA:21,0
DA:24,0
DA:25,0
DA:26,0
DA:27,0
DA:28,0
DA:29,0
DA:32,0
DA:33,0
DA:35,0
DA:36,0
DA:37,0
DA:38,0
DA:40,0
DA:41,0
DA:42,0
DA:51,0
DA:52,0
DA:54,0
DA:55,0
DA:58,0
DA:59,0
DA:60,0
DA:61,0
DA:63,0
DA:64,0
DA:65,0
DA:74,2
DA:77,2
DA:78,1
DA:83,1
DA:86,1
DA:91,1
DA:100,0
DA:101,0
DA:102,0
DA:103,0
DA:104,0
DA:114,0
DA:115,0
DA:116,0
DA:117,0
DA:120,0
DA:121,0
DA:125,0
DA:128,0
DA:131,0
DA:134,0
DA:136,0
DA:137,0
DA:138,0
DA:147,1
DA:148,3
LF:65
LH:20
BRDA:26,0,0,0
BRDA:26,0,1,0
BRDA:35,1,0,0
BRDA:35,1,1,0
BRDA:51,2,0,0
BRDA:51,2,1,0
BRDA:54,3,0,0
BRDA:54,3,1,0
BRDA:77,4,0,1
BRDA:77,4,1,1
BRDA:103,5,0,0
BRDA:103,5,1,0
BRDA:120,6,0,0
BRDA:120,6,1,0
BRDA:136,7,0,0
BRDA:136,7,1,0
BRF:16
BRH:2
end_of_record
TN:
SF:lib/list.js
FN:34,pair
FN:42,head
FN:50,tail
FN:58,is_null
FN:68,list
FN:85,empty_list
FN:94,to_string
FN:95,print
FN:115,length
FN:116,$length
FN:130,map
FN:131,$map
FN:146,build_list
FN:147,$build_list
FN:162,for_each
FN:175,reverse
FN:176,$reverse
FN:192,append
FN:193,$append
FN:196,(anonymous_19)
FN:198,(anonymous_20)
FN:209,member
FN:224,remove
FN:225,$remove
FN:245,remove_all
FN:246,$remove_all
FN:267,filter
FN:268,$filter
FN:284,all
FN:294,enum_list
FN:295,$enum_list
FN:313,list_ref
FN:333,accumulate
FN:334,$accumulate
FN:337,(anonymous_34)
FN:339,(anonymous_35)
FN:354,fold_left
FN:365,flatten
FNF:38
FNH:3
FNDA:10,pair
FNDA:17,head
FNDA:18,tail
FNDA:0,is_null
FNDA:0,list
FNDA:0,empty_list
FNDA:0,to_string
FNDA:0,print
FNDA:0,length
FNDA:0,$length
FNDA:0,map
FNDA:0,$map
FNDA:0,build_list
FNDA:0,$build_list
FNDA:0,for_each
FNDA:0,reverse
FNDA:0,$reverse
FNDA:0,append
FNDA:0,$append
FNDA:0,(anonymous_19)
FNDA:0,(anonymous_20)
FNDA:0,member
FNDA:0,remove
FNDA:0,$remove
FNDA:0,remove_all
FNDA:0,$remove_all
FNDA:0,filter
FNDA:0,$filter
FNDA:0,all
FNDA:0,enum_list
FNDA:0,$enum_list
FNDA:0,list_ref
FNDA:0,accumulate
FNDA:0,$accumulate
FNDA:0,(anonymous_34)
FNDA:0,(anonymous_35)
FNDA:0,fold_left
FNDA:0,flatten
DA:3,1
DA:4,1
DA:5,1
DA:6,1
DA:7,1
DA:8,1
DA:9,1
DA:10,1
DA:11,1
DA:12,1
DA:13,1
DA:14,1
DA:15,1
DA:16,1
DA:17,1
DA:18,1
DA:19,1
DA:20,1
DA:21,1
DA:22,1
DA:23,1
DA:24,1
DA:25,1
DA:35,10
DA:43,17
DA:51,18
DA:59,0
DA:69,0
DA:70,0
DA:71,0
DA:73,0
DA:74,0
DA:75,0
DA:77,0
DA:86,0
DA:96,0
DA:97,0
DA:101,0
DA:102,0
DA:105,0
DA:117,0
DA:119,0
DA:132,0
DA:136,0
DA:148,0
DA:152,0
DA:163,0
DA:164,0
DA:165,0
DA:177,0
DA:181,0
DA:194,0
DA:196,0
DA:198,0
DA:210,0
DA:227,0
DA:228,0
DA:229,0
DA:235,0
DA:248,0
DA:249,0
DA:250,0
DA:256,0
DA:269,0
DA:275,0
DA:285,0
DA:297,0
DA:298,0
DA:302,0
DA:314,0
DA:335,0
DA:337,0
DA:339,0
DA:355,0
DA:366,0
LF:75
LH:26
BRDA:97,0,0,0
BRDA:97,0,1,0
BRDA:101,1,0,0
BRDA:101,1,1,0
BRDA:117,2,0,0
BRDA:117,2,1,0
BRDA:132,3,0,0
BRDA:132,3,1,0
BRDA:148,4,0,0
BRDA:148,4,1,0
BRDA:177,5,0,0
BRDA:177,5,1,0
BRDA:194,6,0,0
BRDA:194,6,1,0
BRDA:210,7,0,0
BRDA:210,7,1,0
BRDA:212,8,0,0
BRDA:212,8,1,0
BRDA:229,9,0,0
BRDA:229,9,1,0
BRDA:231,10,0,0
BRDA:231,10,1,0
BRDA:250,11,0,0
BRDA:250,11,1,0
BRDA:252,12,0,0
BRDA:252,12,1,0
BRDA:269,13,0,0
BRDA:269,13,1,0
BRDA:271,14,0,0
BRDA:271,14,1,0
BRDA:285,15,0,0
BRDA:285,15,1,0
BRDA:285,16,0,0
BRDA:285,16,1,0
BRDA:298,17,0,0
BRDA:298,17,1,0
BRDA:314,18,0,0
BRDA:314,18,1,0
BRDA:316,19,0,0
BRDA:316,19,1,0
BRDA:335,20,0,0
BRDA:335,20,1,0
BRDA:355,21,0,0
BRDA:355,21,1,0
BRF:44
BRH:0
end_of_record
TN:
SF:lib/recipe.js
FN:26,initializeRecipe
FN:43,createRecipe
FN:65,viewRecipe
FN:98,searchRecipe
FN:101,(anonymous_4)
FNF:5
FNH:1
FNDA:0,initializeRecipe
FNDA:0,createRecipe
FNDA:1,viewRecipe
FNDA:0,searchRecipe
FNDA:0,(anonymous_4)
DA:2,1
DA:3,1
DA:4,1
DA:5,1
DA:6,1
DA:7,1
DA:8,1
DA:9,1
DA:10,1
DA:11,1
DA:12,1
DA:27,0
DA:36,0
DA:44,0
DA:45,0
DA:46,0
DA:47,0
DA:48,0
DA:49,0
DA:50,0
DA:51,0
DA:52,0
DA:53,0
DA:56,0
DA:57,0
DA:58,0
DA:59,0
DA:66,1
DA:67,0
DA:70,1
DA:71,1
DA:72,1
DA:73,1
DA:74,1
DA:75,1
DA:77,1
DA:78,1
DA:79,1
DA:99,0
DA:100,0
DA:101,0
DA:102,0
DA:103,0
DA:104,0
DA:107,0
DA:108,0
DA:109,0
DA:111,0
DA:112,0
DA:113,0
DA:114,0
DA:115,0
DA:120,0
LF:53
LH:21
BRDA:52,0,0,0
BRDA:52,0,1,0
BRDA:66,1,0,0
BRDA:66,1,1,1
BRDA:103,2,0,0
BRDA:103,2,1,0
BRDA:108,3,0,0
BRDA:108,3,1,0
BRDA:113,4,0,0
BRDA:113,4,1,0
BRDA:115,5,0,0
BRDA:115,5,1,0
BRF:12
BRH:1
end_of_record
TN:
SF:lib/utilities.js
FN:33,questionnaire
FN:52,IDGenerator
FN:70,round
FN:80,changeUnits
FN:104,validAnswer
FN:107,(anonymous_5)
FN:121,(anonymous_6)
FN:141,line
FN:153,stringToUnit
FNF:9
FNH:4
FNDA:0,questionnaire
FNDA:1,IDGenerator
FNDA:9,round
FNDA:2,changeUnits
FNDA:0,validAnswer
FNDA:0,(anonymous_5)
FNDA:0,(anonymous_6)
FNDA:3,line
FNDA:0,stringToUnit
DA:2,1
DA:3,1
DA:4,1
DA:5,1
DA:6,1
DA:7,1
DA:8,1
DA:9,1
DA:10,1
DA:11,1
DA:12,1
DA:13,1
DA:14,1
DA:15,1
DA:19,1
DA:34,0
DA:35,0
DA:36,0
DA:38,0
DA:39,0
DA:40,0
DA:41,0
DA:53,1
DA:55,1
DA:56,2
DA:57,0
DA:60,1
DA:71,9
DA:72,9
DA:81,2
DA:83,2
DA:86,2
DA:87,1
DA:91,2
DA:92,5
DA:93,5
DA:95,5
DA:96,5
DA:97,5
DA:102,2
DA:105,0
DA:106,0
DA:107,0
DA:108,0
DA:109,0
DA:110,0
DA:111,0
DA:112,0
DA:116,0
DA:117,0
DA:119,0
DA:120,0
DA:121,0
DA:122,0
DA:123,0
DA:127,0
DA:128,0
DA:129,0
DA:132,0
DA:135,0
DA:136,0
DA:138,0
DA:142,3
DA:154,0
DA:155,0
DA:156,0
DA:157,0
DA:158,0
DA:161,0
LF:69
LH:33
BRDA:56,0,0,0
BRDA:56,0,1,2
BRDA:83,1,0,2
BRDA:83,1,1,0
BRDA:86,2,0,1
BRDA:86,2,1,1
BRDA:87,3,0,0
BRDA:87,3,1,1
BRDA:92,4,0,5
BRDA:92,4,1,0
BRDA:110,5,0,0
BRDA:110,5,1,0
BRDA:112,6,0,0
BRDA:112,6,1,0
BRDA:116,7,0,0
BRDA:116,7,1,0
BRDA:119,8,0,0
BRDA:119,8,1,0
BRDA:122,9,0,0
BRDA:122,9,1,0
BRDA:127,10,0,0
BRDA:127,10,1,0
BRDA:156,11,0,0
BRDA:156,11,1,0
BRF:24
BRH:6
end_of_record
